#
# There is insufficient memory for the Java Runtime Environment to continue.
# Native memory allocation (mmap) failed to map 65536 bytes. Error detail: Failed to commit metaspace.
# Possible reasons:
#   The system is out of physical RAM or swap space
#   This process is running with CompressedOops enabled, and the Java Heap may be blocking the growth of the native heap
# Possible solutions:
#   Reduce memory load on the system
#   Increase physical memory or swap space
#   Check if swap backing store is full
#   Decrease Java heap size (-Xmx/-Xms)
#   Decrease number of Java threads
#   Decrease Java thread stack sizes (-Xss)
#   Set larger code cache with -XX:ReservedCodeCacheSize=
#   JVM is running with Zero Based Compressed Oops mode in which the Java heap is
#     placed in the first 32GB address space. The Java Heap base address is the
#     maximum limit for the native heap growth. Please use -XX:HeapBaseMinAddress
#     to set the Java Heap base and to place the Java Heap above 32GB virtual address.
# This output file may be truncated or incomplete.
#
#  Out of Memory Error (virtualSpaceNode.cpp:113), pid=28412, tid=3952
#
# JRE version: OpenJDK Runtime Environment (23.0.1+11) (build 23.0.1+11-39)
# Java VM: OpenJDK 64-Bit Server VM (23.0.1+11-39, mixed mode, emulated-client, sharing, tiered, compressed oops, compressed class ptrs, g1 gc, windows-amd64)
# No core dump will be written. Minidumps are not enabled by default on client versions of Windows
#

---------------  S U M M A R Y ------------

Command Line: -XX:TieredStopAtLevel=1 -Dspring.output.ansi.enabled=always -Dcom.sun.management.jmxremote -Dspring.jmx.enabled=true -Dspring.liveBeansView.mbeanDomain -Dspring.application.admin.enabled=true -Dmanagement.endpoints.jmx.exposure.include=* -javaagent:C:\Program Files\JetBrains\IntelliJ IDEA 2024.2.4\lib\idea_rt.jar=56071:C:\Program Files\JetBrains\IntelliJ IDEA 2024.2.4\bin -Dfile.encoding=UTF-8 -Dsun.stdout.encoding=UTF-8 -Dsun.stderr.encoding=UTF-8 com.example.lms.LMSApplication

Host: Intel(R) Core(TM) i7-8850H CPU @ 2.60GHz, 12 cores, 15G,  Windows 11 , 64 bit Build 22621 (10.0.22621.4391)
Time: Mon Dec 23 02:04:35 2024 Egypt Standard Time elapsed time: 0.817965 seconds (0d 0h 0m 0s)

---------------  T H R E A D  ---------------

Current thread (0x000001d64c5aa100):  JavaThread "main"             [_thread_in_vm, id=3952, stack(0x0000004317700000,0x0000004317800000) (1024K)]

Stack: [0x0000004317700000,0x0000004317800000]
Native frames: (J=compiled Java code, j=interpreted, Vv=VM code, C=native code)
V  [jvm.dll+0x6e08b9]  (no source info available)
V  [jvm.dll+0x87dc83]  (no source info available)
V  [jvm.dll+0x88010e]  (no source info available)
V  [jvm.dll+0x8807e3]  (no source info available)
V  [jvm.dll+0x27aee6]  (no source info available)
V  [jvm.dll+0x87988e]  (no source info available)
V  [jvm.dll+0x682035]  (no source info available)
V  [jvm.dll+0x68209a]  (no source info available)
V  [jvm.dll+0x6848da]  (no source info available)
V  [jvm.dll+0x2219dc]  (no source info available)
V  [jvm.dll+0x682a4e]  (no source info available)
V  [jvm.dll+0x26509f]  (no source info available)
V  [jvm.dll+0x68cde4]  (no source info available)
V  [jvm.dll+0x211fe1]  (no source info available)
V  [jvm.dll+0x21244a]  (no source info available)
V  [jvm.dll+0x212e71]  (no source info available)
V  [jvm.dll+0x20811e]  (no source info available)
V  [jvm.dll+0x5be6df]  (no source info available)
V  [jvm.dll+0x219b2b]  (no source info available)
V  [jvm.dll+0x7f3130]  (no source info available)
V  [jvm.dll+0x7f41d6]  (no source info available)
V  [jvm.dll+0x7f47e4]  (no source info available)
V  [jvm.dll+0x7f4468]  (no source info available)
V  [jvm.dll+0x2689cb]  (no source info available)
V  [jvm.dll+0x3d1e3e]  (no source info available)
C  0x000001d654ce9341  (no source info available)

The last pc belongs to new (printed below).
Java frames: (J=compiled Java code, j=interpreted, Vv=VM code)
j  sun.management.jmxremote.ConnectorBootstrap.startLocalConnectorServer()Ljavax/management/remote/JMXConnectorServer;+220 jdk.management.agent@23.0.1
j  jdk.internal.agent.Agent.startLocalManagementAgent()V+13 jdk.management.agent@23.0.1
j  jdk.internal.agent.Agent.startAgent(Ljava/util/Properties;)V+58 jdk.management.agent@23.0.1
j  jdk.internal.agent.Agent.startAgent()V+20 jdk.management.agent@23.0.1
v  ~StubRoutines::call_stub 0x000001d654cd0fcd
Lock stack of current Java thread (top to bottom):

new  187 new  [0x000001d654ce91a0, 0x000001d654ce93b0]  528 bytes
[MachCode]
  0x000001d654ce91a0: 4883 ec08 | c5fa 1104 | 24eb 1f48 | 83ec 10c5 | fb11 0424 | eb14 4883 | ec10 4889 | 0424 48c7 
  0x000001d654ce91c0: 4424 0800 | 0000 00eb | 0150 410f | b755 010f | cac1 ea10 | 488b 4de8 | 488b 4908 | 488b 4908 
  0x000001d654ce91e0: 488b 4108 | 807c 1004 | 070f 85e0 | 0000 0066 | 8b54 d148 | 488b 4928 | 488b 4cd1 | 0851 80b9 
  0x000001d654ce9200: 3101 0000 | 040f 840d | 0000 004c | 3bb9 3801 | 0000 0f85 | b600 0000 | 8b51 08f6 | c201 0f85 
  0x000001d654ce9220: aa00 0000 | 498b 87b8 | 0100 0048 | 8d1c 1049 | 3b9f c801 | 0000 0f87 | 9200 0000 | 4989 9fb8 
  0x000001d654ce9240: 0100 0048 | 83ea 100f | 840f 0000 | 0033 c9c1 | ea03 4889 | 4cd0 0848 | ffca 75f6 | 48c7 0001 
  0x000001d654ce9260: 0000 0059 | 33f6 8970 | 0c49 ba00 | 0000 00d6 | 0100 0049 | 2bca 8948 | 0849 ba42 | adb9 82fc 
  0x000001d654ce9280: 7f00 0041 | 803a 000f | 843c 0000 | 0050 488b | c848 83ec | 2040 f6c4 | 0f0f 8419 | 0000 0048 
  0x000001d654ce92a0: 83ec 0848 | b850 ee69 | 82fc 7f00 | 00ff d048 | 83c4 08e9 | 0c00 0000 | 48b8 50ee | 6982 fc7f 
  0x000001d654ce92c0: 0000 ffd0 | 4883 c420 | 58e9 cb00 | 0000 5948 | 8b55 e848 | 8b52 0848 | 8b52 0845 | 0fb7 4501 
  0x000001d654ce92e0: 410f c841 | c1e8 10e8 | 0500 0000 | e9a8 0000 | 0048 8d44 | 2408 4c89 | 6dc0 498b | cfc5 f877 
  0x000001d654ce9300: 4989 afb0 | 0300 0049 | 8987 a003 | 0000 4883 | ec20 40f6 | c40f 0f84 | 1900 0000 | 4883 ec08 
  0x000001d654ce9320: 48b8 f01d | 3282 fc7f | 0000 ffd0 | 4883 c408 | e90c 0000 | 0048 b8f0 | 1d32 82fc | 7f00 00ff 
  0x000001d654ce9340: d048 83c4 | 2049 c787 | a003 0000 | 0000 0000 | 49c7 87b0 | 0300 0000 | 0000 0049 | c787 a803 
  0x000001d654ce9360: 0000 0000 | 0000 c5f8 | 7749 837f | 0800 0f84 | 0500 0000 | e947 7bfe | ff49 8b87 | f803 0000 
  0x000001d654ce9380: 49c7 87f8 | 0300 0000 | 0000 004c | 8b6d c04c | 8b75 c84e | 8d74 f500 | c341 0fb6 | 5d03 4983 
  0x000001d654ce93a0: c503 49ba | 5076 bd82 | fc7f 0000 | 41ff 24da 
[/MachCode]

---------------  P R O C E S S  ---------------

Threads class SMR info:
_java_thread_list=0x000001d64550b650, length=14, elements={
0x000001d64c5aa100, 0x000001d65fd35f50, 0x000001d65fd36e70, 0x000001d65fd38380,
0x000001d65fd3c1e0, 0x000001d65fd3cd70, 0x000001d65fd3e7e0, 0x000001d65fd448c0,
0x000001d6450d4fa0, 0x000001d6450dc640, 0x000001d645496ee0, 0x000001d645497550,
0x000001d645625cb0, 0x000001d645626370
}

Java Threads: ( => current thread )
=>0x000001d64c5aa100 JavaThread "main"                              [_thread_in_vm, id=3952, stack(0x0000004317700000,0x0000004317800000) (1024K)]
  0x000001d65fd35f50 JavaThread "Reference Handler"          daemon [_thread_blocked, id=25144, stack(0x0000004317f00000,0x0000004318000000) (1024K)]
  0x000001d65fd36e70 JavaThread "Finalizer"                  daemon [_thread_blocked, id=31296, stack(0x0000004318000000,0x0000004318100000) (1024K)]
  0x000001d65fd38380 JavaThread "Signal Dispatcher"          daemon [_thread_blocked, id=15684, stack(0x0000004318100000,0x0000004318200000) (1024K)]
  0x000001d65fd3c1e0 JavaThread "Attach Listener"            daemon [_thread_blocked, id=8896, stack(0x0000004318200000,0x0000004318300000) (1024K)]
  0x000001d65fd3cd70 JavaThread "Service Thread"             daemon [_thread_blocked, id=6516, stack(0x0000004318300000,0x0000004318400000) (1024K)]
  0x000001d65fd3e7e0 JavaThread "Monitor Deflation Thread"   daemon [_thread_blocked, id=31256, stack(0x0000004318400000,0x0000004318500000) (1024K)]
  0x000001d65fd448c0 JavaThread "C1 CompilerThread0"         daemon [_thread_blocked, id=29100, stack(0x0000004318500000,0x0000004318600000) (1024K)]
  0x000001d6450d4fa0 JavaThread "Common-Cleaner"             daemon [_thread_blocked, id=24464, stack(0x0000004318600000,0x0000004318700000) (1024K)]
  0x000001d6450dc640 JavaThread "C1 CompilerThread1"         daemon [_thread_blocked, id=7228, stack(0x0000004318700000,0x0000004318800000) (1024K)]
  0x000001d645496ee0 JavaThread "Monitor Ctrl-Break"         daemon [_thread_in_native, id=19020, stack(0x0000004318800000,0x0000004318900000) (1024K)]
  0x000001d645497550 JavaThread "Notification Thread"        daemon [_thread_blocked, id=22492, stack(0x0000004318900000,0x0000004318a00000) (1024K)]
  0x000001d645625cb0 JavaThread "C1 CompilerThread2"         daemon [_thread_blocked, id=14548, stack(0x0000004318a00000,0x0000004318b00000) (1024K)]
  0x000001d645626370 JavaThread "C1 CompilerThread3"         daemon [_thread_blocked, id=11616, stack(0x0000004318b00000,0x0000004318c00000) (1024K)]
Total: 14

Other Threads:
  0x000001d65fd1beb0 VMThread "VM Thread"                           [id=15020, stack(0x0000004317e00000,0x0000004317f00000) (1024K)]
  0x000001d65fd076e0 WatcherThread "VM Periodic Task Thread"        [id=26888, stack(0x0000004317d00000,0x0000004317e00000) (1024K)]
  0x000001d64c611230 WorkerThread "GC Thread#0"                     [id=17520, stack(0x0000004317800000,0x0000004317900000) (1024K)]
  0x000001d64c627ab0 ConcurrentGCThread "G1 Main Marker"            [id=10904, stack(0x0000004317900000,0x0000004317a00000) (1024K)]
  0x000001d64c628d60 WorkerThread "G1 Conc#0"                       [id=29620, stack(0x0000004317a00000,0x0000004317b00000) (1024K)]
  0x000001d65fbdd2b0 ConcurrentGCThread "G1 Refine#0"               [id=31380, stack(0x0000004317b00000,0x0000004317c00000) (1024K)]
  0x000001d65fbdde30 ConcurrentGCThread "G1 Service"                [id=18764, stack(0x0000004317c00000,0x0000004317d00000) (1024K)]
Total: 7

Threads with active compile tasks:
Total: 0

VM state: not at safepoint (normal execution)

VM Mutex/Monitor currently owned by a thread:  ([mutex/lock_event])
[0x00007ffc82bc1890] Metaspace_lock - owner thread: 0x000001d64c5aa100

Heap address: 0x0000000704800000, size: 4024 MB, Compressed Oops mode: Zero based, Oop shift amount: 3

CDS archive(s) mapped at: [0x000001d600000000-0x000001d600d70000-0x000001d600d70000), size 14090240, SharedBaseAddress: 0x000001d600000000, ArchiveRelocationMode: 1.
Compressed class space mapped at: 0x000001d601000000-0x000001d641000000, reserved size: 1073741824
Narrow klass base: 0x000001d600000000, Narrow klass shift: 0, Narrow klass range: 0x41000000

GC Precious Log:
 CardTable entry size: 512
 Card Set container configuration: InlinePtr #cards 4 size 8 Array Of Cards #cards 16 size 48 Howl #buckets 8 coarsen threshold 3686 Howl Bitmap #cards 512 size 80 coarsen threshold 460 Card regions per heap region 1 cards per card region 4096
 CPUs: 12 total, 12 available
 Memory: 16094M
 Large Page Support: Disabled
 NUMA Support: Disabled
 Compressed Oops: Enabled (Zero based)
 Heap Region Size: 2M
 Heap Min Capacity: 8M
 Heap Initial Capacity: 252M
 Heap Max Capacity: 4024M
 Pre-touch: Disabled
 Parallel Workers: 10
 Concurrent Workers: 3
 Concurrent Refinement Workers: 10
 Periodic GC: Disabled

Heap:
 garbage-first heap   total reserved 4120576K, committed 258048K, used 12288K [0x0000000704800000, 0x0000000800000000)
  region size 2048K, 8 young (16384K), 0 survivors (0K)
 Metaspace       used 3662K, committed 3776K, reserved 1114112K
  class space    used 454K, committed 512K, reserved 1048576K

Heap Regions: E=young(eden), S=young(survivor), O=old, HS=humongous(starts), HC=humongous(continues), CS=collection set, F=free, TAMS=top-at-mark-start, PB=parsable bottom
|   0|0x0000000704800000, 0x0000000704800000, 0x0000000704a00000|  0%| F|  |TAMS 0x0000000704800000| PB 0x0000000704800000| Untracked |  0
|   1|0x0000000704a00000, 0x0000000704a00000, 0x0000000704c00000|  0%| F|  |TAMS 0x0000000704a00000| PB 0x0000000704a00000| Untracked |  0
|   2|0x0000000704c00000, 0x0000000704c00000, 0x0000000704e00000|  0%| F|  |TAMS 0x0000000704c00000| PB 0x0000000704c00000| Untracked |  0
|   3|0x0000000704e00000, 0x0000000704e00000, 0x0000000705000000|  0%| F|  |TAMS 0x0000000704e00000| PB 0x0000000704e00000| Untracked |  0
|   4|0x0000000705000000, 0x0000000705000000, 0x0000000705200000|  0%| F|  |TAMS 0x0000000705000000| PB 0x0000000705000000| Untracked |  0
|   5|0x0000000705200000, 0x0000000705200000, 0x0000000705400000|  0%| F|  |TAMS 0x0000000705200000| PB 0x0000000705200000| Untracked |  0
|   6|0x0000000705400000, 0x0000000705400000, 0x0000000705600000|  0%| F|  |TAMS 0x0000000705400000| PB 0x0000000705400000| Untracked |  0
|   7|0x0000000705600000, 0x0000000705600000, 0x0000000705800000|  0%| F|  |TAMS 0x0000000705600000| PB 0x0000000705600000| Untracked |  0
|   8|0x0000000705800000, 0x0000000705800000, 0x0000000705a00000|  0%| F|  |TAMS 0x0000000705800000| PB 0x0000000705800000| Untracked |  0
|   9|0x0000000705a00000, 0x0000000705a00000, 0x0000000705c00000|  0%| F|  |TAMS 0x0000000705a00000| PB 0x0000000705a00000| Untracked |  0
|  10|0x0000000705c00000, 0x0000000705c00000, 0x0000000705e00000|  0%| F|  |TAMS 0x0000000705c00000| PB 0x0000000705c00000| Untracked |  0
|  11|0x0000000705e00000, 0x0000000705e00000, 0x0000000706000000|  0%| F|  |TAMS 0x0000000705e00000| PB 0x0000000705e00000| Untracked |  0
|  12|0x0000000706000000, 0x0000000706000000, 0x0000000706200000|  0%| F|  |TAMS 0x0000000706000000| PB 0x0000000706000000| Untracked |  0
|  13|0x0000000706200000, 0x0000000706200000, 0x0000000706400000|  0%| F|  |TAMS 0x0000000706200000| PB 0x0000000706200000| Untracked |  0
|  14|0x0000000706400000, 0x0000000706400000, 0x0000000706600000|  0%| F|  |TAMS 0x0000000706400000| PB 0x0000000706400000| Untracked |  0
|  15|0x0000000706600000, 0x0000000706600000, 0x0000000706800000|  0%| F|  |TAMS 0x0000000706600000| PB 0x0000000706600000| Untracked |  0
|  16|0x0000000706800000, 0x0000000706800000, 0x0000000706a00000|  0%| F|  |TAMS 0x0000000706800000| PB 0x0000000706800000| Untracked |  0
|  17|0x0000000706a00000, 0x0000000706a00000, 0x0000000706c00000|  0%| F|  |TAMS 0x0000000706a00000| PB 0x0000000706a00000| Untracked |  0
|  18|0x0000000706c00000, 0x0000000706c00000, 0x0000000706e00000|  0%| F|  |TAMS 0x0000000706c00000| PB 0x0000000706c00000| Untracked |  0
|  19|0x0000000706e00000, 0x0000000706e00000, 0x0000000707000000|  0%| F|  |TAMS 0x0000000706e00000| PB 0x0000000706e00000| Untracked |  0
|  20|0x0000000707000000, 0x0000000707000000, 0x0000000707200000|  0%| F|  |TAMS 0x0000000707000000| PB 0x0000000707000000| Untracked |  0
|  21|0x0000000707200000, 0x0000000707200000, 0x0000000707400000|  0%| F|  |TAMS 0x0000000707200000| PB 0x0000000707200000| Untracked |  0
|  22|0x0000000707400000, 0x0000000707400000, 0x0000000707600000|  0%| F|  |TAMS 0x0000000707400000| PB 0x0000000707400000| Untracked |  0
|  23|0x0000000707600000, 0x0000000707600000, 0x0000000707800000|  0%| F|  |TAMS 0x0000000707600000| PB 0x0000000707600000| Untracked |  0
|  24|0x0000000707800000, 0x0000000707800000, 0x0000000707a00000|  0%| F|  |TAMS 0x0000000707800000| PB 0x0000000707800000| Untracked |  0
|  25|0x0000000707a00000, 0x0000000707a00000, 0x0000000707c00000|  0%| F|  |TAMS 0x0000000707a00000| PB 0x0000000707a00000| Untracked |  0
|  26|0x0000000707c00000, 0x0000000707c00000, 0x0000000707e00000|  0%| F|  |TAMS 0x0000000707c00000| PB 0x0000000707c00000| Untracked |  0
|  27|0x0000000707e00000, 0x0000000707e00000, 0x0000000708000000|  0%| F|  |TAMS 0x0000000707e00000| PB 0x0000000707e00000| Untracked |  0
|  28|0x0000000708000000, 0x0000000708000000, 0x0000000708200000|  0%| F|  |TAMS 0x0000000708000000| PB 0x0000000708000000| Untracked |  0
|  29|0x0000000708200000, 0x0000000708200000, 0x0000000708400000|  0%| F|  |TAMS 0x0000000708200000| PB 0x0000000708200000| Untracked |  0
|  30|0x0000000708400000, 0x0000000708400000, 0x0000000708600000|  0%| F|  |TAMS 0x0000000708400000| PB 0x0000000708400000| Untracked |  0
|  31|0x0000000708600000, 0x0000000708600000, 0x0000000708800000|  0%| F|  |TAMS 0x0000000708600000| PB 0x0000000708600000| Untracked |  0
|  32|0x0000000708800000, 0x0000000708800000, 0x0000000708a00000|  0%| F|  |TAMS 0x0000000708800000| PB 0x0000000708800000| Untracked |  0
|  33|0x0000000708a00000, 0x0000000708a00000, 0x0000000708c00000|  0%| F|  |TAMS 0x0000000708a00000| PB 0x0000000708a00000| Untracked |  0
|  34|0x0000000708c00000, 0x0000000708c00000, 0x0000000708e00000|  0%| F|  |TAMS 0x0000000708c00000| PB 0x0000000708c00000| Untracked |  0
|  35|0x0000000708e00000, 0x0000000708e00000, 0x0000000709000000|  0%| F|  |TAMS 0x0000000708e00000| PB 0x0000000708e00000| Untracked |  0
|  36|0x0000000709000000, 0x0000000709000000, 0x0000000709200000|  0%| F|  |TAMS 0x0000000709000000| PB 0x0000000709000000| Untracked |  0
|  37|0x0000000709200000, 0x0000000709200000, 0x0000000709400000|  0%| F|  |TAMS 0x0000000709200000| PB 0x0000000709200000| Untracked |  0
|  38|0x0000000709400000, 0x0000000709400000, 0x0000000709600000|  0%| F|  |TAMS 0x0000000709400000| PB 0x0000000709400000| Untracked |  0
|  39|0x0000000709600000, 0x0000000709600000, 0x0000000709800000|  0%| F|  |TAMS 0x0000000709600000| PB 0x0000000709600000| Untracked |  0
|  40|0x0000000709800000, 0x0000000709800000, 0x0000000709a00000|  0%| F|  |TAMS 0x0000000709800000| PB 0x0000000709800000| Untracked |  0
|  41|0x0000000709a00000, 0x0000000709a00000, 0x0000000709c00000|  0%| F|  |TAMS 0x0000000709a00000| PB 0x0000000709a00000| Untracked |  0
|  42|0x0000000709c00000, 0x0000000709c00000, 0x0000000709e00000|  0%| F|  |TAMS 0x0000000709c00000| PB 0x0000000709c00000| Untracked |  0
|  43|0x0000000709e00000, 0x0000000709e00000, 0x000000070a000000|  0%| F|  |TAMS 0x0000000709e00000| PB 0x0000000709e00000| Untracked |  0
|  44|0x000000070a000000, 0x000000070a000000, 0x000000070a200000|  0%| F|  |TAMS 0x000000070a000000| PB 0x000000070a000000| Untracked |  0
|  45|0x000000070a200000, 0x000000070a200000, 0x000000070a400000|  0%| F|  |TAMS 0x000000070a200000| PB 0x000000070a200000| Untracked |  0
|  46|0x000000070a400000, 0x000000070a400000, 0x000000070a600000|  0%| F|  |TAMS 0x000000070a400000| PB 0x000000070a400000| Untracked |  0
|  47|0x000000070a600000, 0x000000070a600000, 0x000000070a800000|  0%| F|  |TAMS 0x000000070a600000| PB 0x000000070a600000| Untracked |  0
|  48|0x000000070a800000, 0x000000070a800000, 0x000000070aa00000|  0%| F|  |TAMS 0x000000070a800000| PB 0x000000070a800000| Untracked |  0
|  49|0x000000070aa00000, 0x000000070aa00000, 0x000000070ac00000|  0%| F|  |TAMS 0x000000070aa00000| PB 0x000000070aa00000| Untracked |  0
|  50|0x000000070ac00000, 0x000000070ac00000, 0x000000070ae00000|  0%| F|  |TAMS 0x000000070ac00000| PB 0x000000070ac00000| Untracked |  0
|  51|0x000000070ae00000, 0x000000070ae00000, 0x000000070b000000|  0%| F|  |TAMS 0x000000070ae00000| PB 0x000000070ae00000| Untracked |  0
|  52|0x000000070b000000, 0x000000070b000000, 0x000000070b200000|  0%| F|  |TAMS 0x000000070b000000| PB 0x000000070b000000| Untracked |  0
|  53|0x000000070b200000, 0x000000070b200000, 0x000000070b400000|  0%| F|  |TAMS 0x000000070b200000| PB 0x000000070b200000| Untracked |  0
|  54|0x000000070b400000, 0x000000070b400000, 0x000000070b600000|  0%| F|  |TAMS 0x000000070b400000| PB 0x000000070b400000| Untracked |  0
|  55|0x000000070b600000, 0x000000070b600000, 0x000000070b800000|  0%| F|  |TAMS 0x000000070b600000| PB 0x000000070b600000| Untracked |  0
|  56|0x000000070b800000, 0x000000070b800000, 0x000000070ba00000|  0%| F|  |TAMS 0x000000070b800000| PB 0x000000070b800000| Untracked |  0
|  57|0x000000070ba00000, 0x000000070ba00000, 0x000000070bc00000|  0%| F|  |TAMS 0x000000070ba00000| PB 0x000000070ba00000| Untracked |  0
|  58|0x000000070bc00000, 0x000000070bc00000, 0x000000070be00000|  0%| F|  |TAMS 0x000000070bc00000| PB 0x000000070bc00000| Untracked |  0
|  59|0x000000070be00000, 0x000000070be00000, 0x000000070c000000|  0%| F|  |TAMS 0x000000070be00000| PB 0x000000070be00000| Untracked |  0
|  60|0x000000070c000000, 0x000000070c000000, 0x000000070c200000|  0%| F|  |TAMS 0x000000070c000000| PB 0x000000070c000000| Untracked |  0
|  61|0x000000070c200000, 0x000000070c200000, 0x000000070c400000|  0%| F|  |TAMS 0x000000070c200000| PB 0x000000070c200000| Untracked |  0
|  62|0x000000070c400000, 0x000000070c400000, 0x000000070c600000|  0%| F|  |TAMS 0x000000070c400000| PB 0x000000070c400000| Untracked |  0
|  63|0x000000070c600000, 0x000000070c600000, 0x000000070c800000|  0%| F|  |TAMS 0x000000070c600000| PB 0x000000070c600000| Untracked |  0
|  64|0x000000070c800000, 0x000000070c800000, 0x000000070ca00000|  0%| F|  |TAMS 0x000000070c800000| PB 0x000000070c800000| Untracked |  0
|  65|0x000000070ca00000, 0x000000070ca00000, 0x000000070cc00000|  0%| F|  |TAMS 0x000000070ca00000| PB 0x000000070ca00000| Untracked |  0
|  66|0x000000070cc00000, 0x000000070cc00000, 0x000000070ce00000|  0%| F|  |TAMS 0x000000070cc00000| PB 0x000000070cc00000| Untracked |  0
|  67|0x000000070ce00000, 0x000000070ce00000, 0x000000070d000000|  0%| F|  |TAMS 0x000000070ce00000| PB 0x000000070ce00000| Untracked |  0
|  68|0x000000070d000000, 0x000000070d000000, 0x000000070d200000|  0%| F|  |TAMS 0x000000070d000000| PB 0x000000070d000000| Untracked |  0
|  69|0x000000070d200000, 0x000000070d200000, 0x000000070d400000|  0%| F|  |TAMS 0x000000070d200000| PB 0x000000070d200000| Untracked |  0
|  70|0x000000070d400000, 0x000000070d400000, 0x000000070d600000|  0%| F|  |TAMS 0x000000070d400000| PB 0x000000070d400000| Untracked |  0
|  71|0x000000070d600000, 0x000000070d600000, 0x000000070d800000|  0%| F|  |TAMS 0x000000070d600000| PB 0x000000070d600000| Untracked |  0
|  72|0x000000070d800000, 0x000000070d800000, 0x000000070da00000|  0%| F|  |TAMS 0x000000070d800000| PB 0x000000070d800000| Untracked |  0
|  73|0x000000070da00000, 0x000000070da00000, 0x000000070dc00000|  0%| F|  |TAMS 0x000000070da00000| PB 0x000000070da00000| Untracked |  0
|  74|0x000000070dc00000, 0x000000070dc00000, 0x000000070de00000|  0%| F|  |TAMS 0x000000070dc00000| PB 0x000000070dc00000| Untracked |  0
|  75|0x000000070de00000, 0x000000070de00000, 0x000000070e000000|  0%| F|  |TAMS 0x000000070de00000| PB 0x000000070de00000| Untracked |  0
|  76|0x000000070e000000, 0x000000070e000000, 0x000000070e200000|  0%| F|  |TAMS 0x000000070e000000| PB 0x000000070e000000| Untracked |  0
|  77|0x000000070e200000, 0x000000070e200000, 0x000000070e400000|  0%| F|  |TAMS 0x000000070e200000| PB 0x000000070e200000| Untracked |  0
|  78|0x000000070e400000, 0x000000070e400000, 0x000000070e600000|  0%| F|  |TAMS 0x000000070e400000| PB 0x000000070e400000| Untracked |  0
|  79|0x000000070e600000, 0x000000070e600000, 0x000000070e800000|  0%| F|  |TAMS 0x000000070e600000| PB 0x000000070e600000| Untracked |  0
|  80|0x000000070e800000, 0x000000070e800000, 0x000000070ea00000|  0%| F|  |TAMS 0x000000070e800000| PB 0x000000070e800000| Untracked |  0
|  81|0x000000070ea00000, 0x000000070ea00000, 0x000000070ec00000|  0%| F|  |TAMS 0x000000070ea00000| PB 0x000000070ea00000| Untracked |  0
|  82|0x000000070ec00000, 0x000000070ec00000, 0x000000070ee00000|  0%| F|  |TAMS 0x000000070ec00000| PB 0x000000070ec00000| Untracked |  0
|  83|0x000000070ee00000, 0x000000070ee00000, 0x000000070f000000|  0%| F|  |TAMS 0x000000070ee00000| PB 0x000000070ee00000| Untracked |  0
|  84|0x000000070f000000, 0x000000070f000000, 0x000000070f200000|  0%| F|  |TAMS 0x000000070f000000| PB 0x000000070f000000| Untracked |  0
|  85|0x000000070f200000, 0x000000070f200000, 0x000000070f400000|  0%| F|  |TAMS 0x000000070f200000| PB 0x000000070f200000| Untracked |  0
|  86|0x000000070f400000, 0x000000070f400000, 0x000000070f600000|  0%| F|  |TAMS 0x000000070f400000| PB 0x000000070f400000| Untracked |  0
|  87|0x000000070f600000, 0x000000070f600000, 0x000000070f800000|  0%| F|  |TAMS 0x000000070f600000| PB 0x000000070f600000| Untracked |  0
|  88|0x000000070f800000, 0x000000070f800000, 0x000000070fa00000|  0%| F|  |TAMS 0x000000070f800000| PB 0x000000070f800000| Untracked |  0
|  89|0x000000070fa00000, 0x000000070fa00000, 0x000000070fc00000|  0%| F|  |TAMS 0x000000070fa00000| PB 0x000000070fa00000| Untracked |  0
|  90|0x000000070fc00000, 0x000000070fc00000, 0x000000070fe00000|  0%| F|  |TAMS 0x000000070fc00000| PB 0x000000070fc00000| Untracked |  0
|  91|0x000000070fe00000, 0x000000070fe00000, 0x0000000710000000|  0%| F|  |TAMS 0x000000070fe00000| PB 0x000000070fe00000| Untracked |  0
|  92|0x0000000710000000, 0x0000000710000000, 0x0000000710200000|  0%| F|  |TAMS 0x0000000710000000| PB 0x0000000710000000| Untracked |  0
|  93|0x0000000710200000, 0x0000000710200000, 0x0000000710400000|  0%| F|  |TAMS 0x0000000710200000| PB 0x0000000710200000| Untracked |  0
|  94|0x0000000710400000, 0x0000000710400000, 0x0000000710600000|  0%| F|  |TAMS 0x0000000710400000| PB 0x0000000710400000| Untracked |  0
|  95|0x0000000710600000, 0x0000000710600000, 0x0000000710800000|  0%| F|  |TAMS 0x0000000710600000| PB 0x0000000710600000| Untracked |  0
|  96|0x0000000710800000, 0x0000000710800000, 0x0000000710a00000|  0%| F|  |TAMS 0x0000000710800000| PB 0x0000000710800000| Untracked |  0
|  97|0x0000000710a00000, 0x0000000710a00000, 0x0000000710c00000|  0%| F|  |TAMS 0x0000000710a00000| PB 0x0000000710a00000| Untracked |  0
|  98|0x0000000710c00000, 0x0000000710c00000, 0x0000000710e00000|  0%| F|  |TAMS 0x0000000710c00000| PB 0x0000000710c00000| Untracked |  0
|  99|0x0000000710e00000, 0x0000000710e00000, 0x0000000711000000|  0%| F|  |TAMS 0x0000000710e00000| PB 0x0000000710e00000| Untracked |  0
| 100|0x0000000711000000, 0x0000000711000000, 0x0000000711200000|  0%| F|  |TAMS 0x0000000711000000| PB 0x0000000711000000| Untracked |  0
| 101|0x0000000711200000, 0x0000000711200000, 0x0000000711400000|  0%| F|  |TAMS 0x0000000711200000| PB 0x0000000711200000| Untracked |  0
| 102|0x0000000711400000, 0x0000000711400000, 0x0000000711600000|  0%| F|  |TAMS 0x0000000711400000| PB 0x0000000711400000| Untracked |  0
| 103|0x0000000711600000, 0x0000000711600000, 0x0000000711800000|  0%| F|  |TAMS 0x0000000711600000| PB 0x0000000711600000| Untracked |  0
| 104|0x0000000711800000, 0x0000000711800000, 0x0000000711a00000|  0%| F|  |TAMS 0x0000000711800000| PB 0x0000000711800000| Untracked |  0
| 105|0x0000000711a00000, 0x0000000711a00000, 0x0000000711c00000|  0%| F|  |TAMS 0x0000000711a00000| PB 0x0000000711a00000| Untracked |  0
| 106|0x0000000711c00000, 0x0000000711c00000, 0x0000000711e00000|  0%| F|  |TAMS 0x0000000711c00000| PB 0x0000000711c00000| Untracked |  0
| 107|0x0000000711e00000, 0x0000000711e00000, 0x0000000712000000|  0%| F|  |TAMS 0x0000000711e00000| PB 0x0000000711e00000| Untracked |  0
| 108|0x0000000712000000, 0x0000000712000000, 0x0000000712200000|  0%| F|  |TAMS 0x0000000712000000| PB 0x0000000712000000| Untracked |  0
| 109|0x0000000712200000, 0x0000000712200000, 0x0000000712400000|  0%| F|  |TAMS 0x0000000712200000| PB 0x0000000712200000| Untracked |  0
| 110|0x0000000712400000, 0x0000000712400000, 0x0000000712600000|  0%| F|  |TAMS 0x0000000712400000| PB 0x0000000712400000| Untracked |  0
| 111|0x0000000712600000, 0x0000000712600000, 0x0000000712800000|  0%| F|  |TAMS 0x0000000712600000| PB 0x0000000712600000| Untracked |  0
| 112|0x0000000712800000, 0x0000000712800000, 0x0000000712a00000|  0%| F|  |TAMS 0x0000000712800000| PB 0x0000000712800000| Untracked |  0
| 113|0x0000000712a00000, 0x0000000712a00000, 0x0000000712c00000|  0%| F|  |TAMS 0x0000000712a00000| PB 0x0000000712a00000| Untracked |  0
| 114|0x0000000712c00000, 0x0000000712c00000, 0x0000000712e00000|  0%| F|  |TAMS 0x0000000712c00000| PB 0x0000000712c00000| Untracked |  0
| 115|0x0000000712e00000, 0x0000000712e00000, 0x0000000713000000|  0%| F|  |TAMS 0x0000000712e00000| PB 0x0000000712e00000| Untracked |  0
| 116|0x0000000713000000, 0x0000000713000000, 0x0000000713200000|  0%| F|  |TAMS 0x0000000713000000| PB 0x0000000713000000| Untracked |  0
| 117|0x0000000713200000, 0x0000000713200000, 0x0000000713400000|  0%| F|  |TAMS 0x0000000713200000| PB 0x0000000713200000| Untracked |  0
| 118|0x0000000713400000, 0x00000007135edbe8, 0x0000000713600000| 96%| E|  |TAMS 0x0000000713400000| PB 0x0000000713400000| Complete |  0
| 119|0x0000000713600000, 0x0000000713800000, 0x0000000713800000|100%| E|CS|TAMS 0x0000000713600000| PB 0x0000000713600000| Complete |  0
| 120|0x0000000713800000, 0x0000000713a00000, 0x0000000713a00000|100%| E|CS|TAMS 0x0000000713800000| PB 0x0000000713800000| Complete |  0
| 121|0x0000000713a00000, 0x0000000713c00000, 0x0000000713c00000|100%| E|CS|TAMS 0x0000000713a00000| PB 0x0000000713a00000| Complete |  0
| 122|0x0000000713c00000, 0x0000000713e00000, 0x0000000713e00000|100%| E|CS|TAMS 0x0000000713c00000| PB 0x0000000713c00000| Complete |  0
| 123|0x0000000713e00000, 0x0000000714000000, 0x0000000714000000|100%| E|CS|TAMS 0x0000000713e00000| PB 0x0000000713e00000| Complete |  0
| 124|0x0000000714000000, 0x0000000714200000, 0x0000000714200000|100%| E|  |TAMS 0x0000000714000000| PB 0x0000000714000000| Complete |  0
| 125|0x0000000714200000, 0x0000000714400000, 0x0000000714400000|100%| E|CS|TAMS 0x0000000714200000| PB 0x0000000714200000| Complete |  0

Card table byte_map: [0x000001d658a00000,0x000001d6591e0000] _byte_map_base: 0x000001d6551dc000

Marking Bits: (CMBitMap*) 0x000001d64c612550
 Bits: [0x000001d6591e0000, 0x000001d65d0c0000)

Polling page: 0x000001d64bd60000

Metaspace:

Usage:
  Non-class:      3.13 MB used.
      Class:    454.37 KB used.
       Both:      3.58 MB used.

Virtual space:
  Non-class space:       64.00 MB reserved,       3.19 MB (  5%) committed,  1 nodes.
      Class space:        1.00 GB reserved,     512.00 KB ( <1%) committed,  1 nodes.
             Both:        1.06 GB reserved,       3.69 MB ( <1%) committed. 

Chunk freelists:
   Non-Class:  11.89 MB
       Class:  15.51 MB
        Both:  27.40 MB

MaxMetaspaceSize: unlimited
CompressedClassSpaceSize: 1.00 GB
Initial GC threshold: 21.00 MB
Current GC threshold: 21.00 MB
CDS: on
 - commit_granule_bytes: 65536.
 - commit_granule_words: 8192.
 - virtual_space_node_default_size: 8388608.
 - enlarge_chunks_in_place: 1.
 - use_allocation_guard: 0.


Internal statistics:

num_allocs_failed_limit: 0.
num_arena_births: 100.
num_arena_deaths: 0.
num_vsnodes_births: 2.
num_vsnodes_deaths: 0.
num_space_committed: 59.
num_space_uncommitted: 0.
num_chunks_returned_to_freelist: 0.
num_chunks_taken_from_freelist: 106.
num_chunk_merges: 0.
num_chunk_splits: 74.
num_chunks_enlarged: 47.
num_inconsistent_stats: 0.

CodeCache: size=49152Kb used=4033Kb max_used=4033Kb free=45118Kb
 bounds [0x000001d654cd0000, 0x000001d6550d0000, 0x000001d657cd0000]
 total_blobs=1484, nmethods=1019, adapters=388, full_count=0
Compilation: enabled, stopped_count=0, restarted_count=0

Compilation events (20 events):
Event: 0.813 Thread 0x000001d645625cb0 nmethod 1008 0x000001d6550bcc88 code [0x000001d6550bcda0, 0x000001d6550bd008]
Event: 0.813 Thread 0x000001d65fd448c0 nmethod 1010 0x000001d6550bd088 code [0x000001d6550bd1a0, 0x000001d6550bd390]
Event: 0.813 Thread 0x000001d645625cb0 1011       1       java.lang.Integer::stringSize (47 bytes)
Event: 0.813 Thread 0x000001d6450dc640 nmethod 1009 0x000001d6550bd408 code [0x000001d6550bd520, 0x000001d6550bd6e8]
Event: 0.813 Thread 0x000001d65fd448c0 1012       1       java.lang.StringLatin1::getChars (102 bytes)
Event: 0.813 Thread 0x000001d645625cb0 nmethod 1011 0x000001d6550bd708 code [0x000001d6550bd820, 0x000001d6550bd950]
Event: 0.813 Thread 0x000001d645625cb0 1013       1       java.util.LinkedHashMap$LinkedEntryIterator::next (5 bytes)
Event: 0.813 Thread 0x000001d6450dc640 1014       1       java.util.LinkedHashMap$LinkedEntryIterator::next (5 bytes)
Event: 0.813 Thread 0x000001d645625cb0 nmethod 1013 0x000001d6550bda08 code [0x000001d6550bdb20, 0x000001d6550bdc00]
Event: 0.813 Thread 0x000001d65fd448c0 nmethod 1012 0x000001d6550bdd08 code [0x000001d6550bde40, 0x000001d6550be0e8]
Event: 0.813 Thread 0x000001d6450dc640 nmethod 1014 0x000001d6550be108 code [0x000001d6550be220, 0x000001d6550be300]
Event: 0.814 Thread 0x000001d645626370 nmethod 1005 0x000001d6550be408 code [0x000001d6550be660, 0x000001d6550bf388]
Event: 0.815 Thread 0x000001d645626370 1015       1       jdk.internal.org.objectweb.asm.MethodVisitor::<init> (78 bytes)
Event: 0.815 Thread 0x000001d645626370 nmethod 1015 0x000001d6550bf408 code [0x000001d6550bf580, 0x000001d6550bf958]
Event: 0.816 Thread 0x000001d6450dc640 1016       1       java.lang.invoke.MethodHandles$Lookup::<init> (84 bytes)
Event: 0.816 Thread 0x000001d6450dc640 nmethod 1016 0x000001d6550bfa08 code [0x000001d6550bfb20, 0x000001d6550bfc90]
Event: 0.816 Thread 0x000001d6450dc640 1017       1       java.lang.invoke.DirectMethodHandle::preparedLambdaForm (31 bytes)
Event: 0.816 Thread 0x000001d6450dc640 nmethod 1017 0x000001d6550c0088 code [0x000001d6550c01c0, 0x000001d6550c0400]
Event: 0.816 Thread 0x000001d6450dc640 1019       1       javax.management.StandardMBean::getDescription (11 bytes)
Event: 0.816 Thread 0x000001d6450dc640 nmethod 1019 0x000001d6550c0488 code [0x000001d6550c05a0, 0x000001d6550c06b0]

GC Heap History (0 events):
No events

Dll operation events (11 events):
Event: 0.021 Loaded shared library C:\Users\dell\.jdks\openjdk-23.0.1\bin\java.dll
Event: 0.296 Loaded shared library C:\Users\dell\.jdks\openjdk-23.0.1\bin\zip.dll
Event: 0.300 Loaded shared library C:\Users\dell\.jdks\openjdk-23.0.1\bin\instrument.dll
Event: 0.308 Loaded shared library C:\Users\dell\.jdks\openjdk-23.0.1\bin\net.dll
Event: 0.311 Loaded shared library C:\Users\dell\.jdks\openjdk-23.0.1\bin\nio.dll
Event: 0.318 Loaded shared library C:\Users\dell\.jdks\openjdk-23.0.1\bin\zip.dll
Event: 0.467 Loaded shared library C:\Program Files\JetBrains\IntelliJ IDEA 2024.2.4\bin\breakgen64.dll
Event: 0.474 Loaded shared library C:\Users\dell\.jdks\openjdk-23.0.1\bin\jimage.dll
Event: 0.479 Loaded shared library C:\Users\dell\.jdks\openjdk-23.0.1\bin\extnet.dll
Event: 0.502 Loaded shared library C:\Users\dell\.jdks\openjdk-23.0.1\bin\management.dll
Event: 0.514 Loaded shared library C:\Users\dell\.jdks\openjdk-23.0.1\bin\management_ext.dll

Deoptimization events (0 events):
No events

Classes loaded (20 events):
Event: 0.814 Loading class jdk/jfr/Recording done
Event: 0.814 Loading class jdk/jfr/FlightRecorder
Event: 0.814 Loading class jdk/jfr/FlightRecorder done
Event: 0.814 Loading class javax/management/NotificationListener
Event: 0.814 Loading class java/util/EventListener
Event: 0.814 Loading class java/util/EventListener done
Event: 0.814 Loading class javax/management/NotificationListener done
Event: 0.814 Loading class javax/management/NotificationFilter
Event: 0.814 Loading class javax/management/NotificationFilter done
Event: 0.814 Loading class jdk/management/jfr/FlightRecorderMXBeanImpl$MXBeanListener
Event: 0.814 Loading class jdk/jfr/FlightRecorderListener
Event: 0.814 Loading class jdk/jfr/FlightRecorderListener done
Event: 0.814 Loading class jdk/management/jfr/FlightRecorderMXBeanImpl$MXBeanListener done
Event: 0.815 Loading class javax/management/ListenerNotFoundException
Event: 0.815 Loading class javax/management/OperationsException
Event: 0.815 Loading class javax/management/JMException
Event: 0.815 Loading class javax/management/JMException done
Event: 0.815 Loading class javax/management/OperationsException done
Event: 0.815 Loading class javax/management/ListenerNotFoundException done
Event: 0.816 Loading class javax/management/remote/JMXServiceURL

Classes unloaded (0 events):
No events

Classes redefined (0 events):
No events

Internal exceptions (8 events):
Event: 0.460 Thread 0x000001d64c5aa100 Exception <a 'java/lang/NoSuchMethodError'{0x0000000713abd9e8}: 'java.lang.Object java.lang.invoke.Invokers$Holder.invokeExact_MT(java.lang.Object, java.lang.Object, java.lang.Object, java.lang.Object, java.lang.Object)'> (0x0000000713abd9e8) 
thrown [s\open\src\hotspot\share\interpreter\linkResolver.cpp, line 796]
Event: 0.481 Thread 0x000001d645496ee0 Exception <a 'java/lang/NoSuchMethodError'{0x0000000713b004c8}: 'void java.lang.invoke.DirectMethodHandle$Holder.invokeStatic(java.lang.Object, java.lang.Object)'> (0x0000000713b004c8) 
thrown [s\open\src\hotspot\share\interpreter\linkResolver.cpp, line 796]
Event: 0.523 Thread 0x000001d64c5aa100 Exception <a 'java/lang/NoSuchMethodError'{0x0000000713b805c0}: 'int java.lang.invoke.DirectMethodHandle$Holder.invokeInterface(java.lang.Object, java.lang.Object)'> (0x0000000713b805c0) 
thrown [s\open\src\hotspot\share\interpreter\linkResolver.cpp, line 796]
Event: 0.523 Thread 0x000001d64c5aa100 Exception <a 'java/lang/IncompatibleClassChangeError'{0x0000000713b83900}: Found class java.lang.Object, but interface was expected> (0x0000000713b83900) 
thrown [s\open\src\hotspot\share\interpreter\linkResolver.cpp, line 863]
Event: 0.629 Thread 0x000001d64c5aa100 Exception <a 'java/lang/NoSuchMethodError'{0x00000007138611c0}: 'void java.lang.invoke.DirectMethodHandle$Holder.invokeSpecial(java.lang.Object, java.lang.Object, java.lang.Object)'> (0x00000007138611c0) 
thrown [s\open\src\hotspot\share\interpreter\linkResolver.cpp, line 796]
Event: 0.632 Thread 0x000001d64c5aa100 Exception <a 'java/lang/NoSuchMethodError'{0x000000071386ab88}: 'void java.lang.invoke.DirectMethodHandle$Holder.invokeStatic(java.lang.Object, int, java.lang.Object)'> (0x000000071386ab88) 
thrown [s\open\src\hotspot\share\interpreter\linkResolver.cpp, line 796]
Event: 0.656 Thread 0x000001d64c5aa100 Exception <a 'java/lang/NoSuchMethodError'{0x00000007138b1bb0}: 'int java.lang.invoke.DirectMethodHandle$Holder.invokeSpecial(java.lang.Object, java.lang.Object, java.lang.Object)'> (0x00000007138b1bb0) 
thrown [s\open\src\hotspot\share\interpreter\linkResolver.cpp, line 796]
Event: 0.711 Thread 0x000001d64c5aa100 Exception <a 'java/lang/NoSuchMethodError'{0x00000007139fda90}: 'java.lang.Object java.lang.invoke.DirectMethodHandle$Holder.invokeStaticInit(java.lang.Object, java.lang.Object, java.lang.Object)'> (0x00000007139fda90) 
thrown [s\open\src\hotspot\share\interpreter\linkResolver.cpp, line 796]

VM Operations (6 events):
Event: 0.274 Executing VM operation: HandshakeAllThreads (Deoptimize)
Event: 0.274 Executing VM operation: HandshakeAllThreads (Deoptimize) done
Event: 0.472 Executing VM operation: HandshakeAllThreads (Deoptimize)
Event: 0.472 Executing VM operation: HandshakeAllThreads (Deoptimize) done
Event: 0.531 Executing VM operation: HandshakeAllThreads (Deoptimize)
Event: 0.531 Executing VM operation: HandshakeAllThreads (Deoptimize) done

Memory protections (0 events):
No events

Nmethod flushes (0 events):
No events

Events (14 events):
Event: 0.060 Thread 0x000001d64c5aa100 Thread added: 0x000001d64c5aa100
Event: 0.094 Thread 0x000001d64c5aa100 Thread added: 0x000001d65fd35f50
Event: 0.094 Thread 0x000001d64c5aa100 Thread added: 0x000001d65fd36e70
Event: 0.094 Thread 0x000001d64c5aa100 Thread added: 0x000001d65fd38380
Event: 0.094 Thread 0x000001d64c5aa100 Thread added: 0x000001d65fd3c1e0
Event: 0.094 Thread 0x000001d64c5aa100 Thread added: 0x000001d65fd3cd70
Event: 0.095 Thread 0x000001d64c5aa100 Thread added: 0x000001d65fd3e7e0
Event: 0.095 Thread 0x000001d64c5aa100 Thread added: 0x000001d65fd448c0
Event: 0.263 Thread 0x000001d64c5aa100 Thread added: 0x000001d6450d4fa0
Event: 0.274 Thread 0x000001d65fd448c0 Thread added: 0x000001d6450dc640
Event: 0.468 Thread 0x000001d64c5aa100 Thread added: 0x000001d645496ee0
Event: 0.468 Thread 0x000001d64c5aa100 Thread added: 0x000001d645497550
Event: 0.752 Thread 0x000001d6450dc640 Thread added: 0x000001d645625cb0
Event: 0.752 Thread 0x000001d6450dc640 Thread added: 0x000001d645626370


Dynamic libraries:
0x00007ff717070000 - 0x00007ff71707e000 	C:\Users\dell\.jdks\openjdk-23.0.1\bin\java.exe
0x00007ffd7e5f0000 - 0x00007ffd7e807000 	C:\WINDOWS\SYSTEM32\ntdll.dll
0x00007ffd7df20000 - 0x00007ffd7dfe4000 	C:\WINDOWS\System32\KERNEL32.DLL
0x00007ffd7bca0000 - 0x00007ffd7c05a000 	C:\WINDOWS\System32\KERNELBASE.dll
0x00007ffd7ba20000 - 0x00007ffd7bb31000 	C:\WINDOWS\System32\ucrtbase.dll
0x00007ffd3e160000 - 0x00007ffd3e17b000 	C:\Users\dell\.jdks\openjdk-23.0.1\bin\VCRUNTIME140.dll
0x00007ffd38590000 - 0x00007ffd385a7000 	C:\Users\dell\.jdks\openjdk-23.0.1\bin\jli.dll
0x00007ffd7e1b0000 - 0x00007ffd7e35e000 	C:\WINDOWS\System32\USER32.dll
0x00007ffd7b9f0000 - 0x00007ffd7ba16000 	C:\WINDOWS\System32\win32u.dll
0x00007ffd5e820000 - 0x00007ffd5eab2000 	C:\WINDOWS\WinSxS\amd64_microsoft.windows.common-controls_6595b64144ccf1df_6.0.22621.4541_none_2710d1c57384c085\COMCTL32.dll
0x00007ffd7dff0000 - 0x00007ffd7e097000 	C:\WINDOWS\System32\msvcrt.dll
0x00007ffd7c830000 - 0x00007ffd7c859000 	C:\WINDOWS\System32\GDI32.dll
0x00007ffd7c060000 - 0x00007ffd7c17b000 	C:\WINDOWS\System32\gdi32full.dll
0x00007ffd7bc00000 - 0x00007ffd7bc9a000 	C:\WINDOWS\System32\msvcp_win.dll
0x00007ffd7e570000 - 0x00007ffd7e5a1000 	C:\WINDOWS\System32\IMM32.DLL
0x00007ffd58400000 - 0x00007ffd5840c000 	C:\Users\dell\.jdks\openjdk-23.0.1\bin\vcruntime140_1.dll
0x00007ffd09d40000 - 0x00007ffd09dce000 	C:\Users\dell\.jdks\openjdk-23.0.1\bin\msvcp140.dll
0x00007ffc81f50000 - 0x00007ffc82c9f000 	C:\Users\dell\.jdks\openjdk-23.0.1\bin\server\jvm.dll
0x00007ffd7de60000 - 0x00007ffd7df12000 	C:\WINDOWS\System32\ADVAPI32.dll
0x00007ffd7dd50000 - 0x00007ffd7ddf7000 	C:\WINDOWS\System32\sechost.dll
0x00007ffd7b940000 - 0x00007ffd7b968000 	C:\WINDOWS\System32\bcrypt.dll
0x00007ffd7c860000 - 0x00007ffd7c974000 	C:\WINDOWS\System32\RPCRT4.dll
0x00007ffd7c6c0000 - 0x00007ffd7c731000 	C:\WINDOWS\System32\WS2_32.dll
0x00007ffd7b5e0000 - 0x00007ffd7b62d000 	C:\WINDOWS\SYSTEM32\POWRPROF.dll
0x00007ffd744d0000 - 0x00007ffd744da000 	C:\WINDOWS\SYSTEM32\VERSION.dll
0x00007ffd75860000 - 0x00007ffd75894000 	C:\WINDOWS\SYSTEM32\WINMM.dll
0x00007ffd7b5c0000 - 0x00007ffd7b5d3000 	C:\WINDOWS\SYSTEM32\UMPDC.dll
0x00007ffd7a900000 - 0x00007ffd7a918000 	C:\WINDOWS\SYSTEM32\kernel.appcore.dll
0x00007ffd57a80000 - 0x00007ffd57a8a000 	C:\Users\dell\.jdks\openjdk-23.0.1\bin\jimage.dll
0x00007ffd76710000 - 0x00007ffd76942000 	C:\WINDOWS\SYSTEM32\DBGHELP.DLL
0x00007ffd7d850000 - 0x00007ffd7dbdf000 	C:\WINDOWS\System32\combase.dll
0x00007ffd7dbe0000 - 0x00007ffd7dcb7000 	C:\WINDOWS\System32\OLEAUT32.dll
0x00007ffd58d70000 - 0x00007ffd58da2000 	C:\WINDOWS\SYSTEM32\dbgcore.DLL
0x00007ffd7b8c0000 - 0x00007ffd7b93b000 	C:\WINDOWS\System32\bcryptPrimitives.dll
0x00007ffd73960000 - 0x00007ffd7396f000 	C:\Users\dell\.jdks\openjdk-23.0.1\bin\instrument.dll
0x00007ffd35eb0000 - 0x00007ffd35ece000 	C:\Users\dell\.jdks\openjdk-23.0.1\bin\java.dll
0x00007ffd7d6a0000 - 0x00007ffd7d845000 	C:\WINDOWS\System32\ole32.dll
0x00007ffd7ce10000 - 0x00007ffd7d688000 	C:\WINDOWS\System32\SHELL32.dll
0x00007ffd79800000 - 0x00007ffd7a108000 	C:\WINDOWS\SYSTEM32\windows.storage.dll
0x00007ffd796c0000 - 0x00007ffd797ff000 	C:\WINDOWS\SYSTEM32\wintypes.dll
0x00007ffd7e370000 - 0x00007ffd7e46a000 	C:\WINDOWS\System32\SHCORE.dll
0x00007ffd7de00000 - 0x00007ffd7de5e000 	C:\WINDOWS\System32\shlwapi.dll
0x00007ffd7b7f0000 - 0x00007ffd7b81b000 	C:\WINDOWS\SYSTEM32\profapi.dll
0x00007ffd34e60000 - 0x00007ffd34e77000 	C:\Users\dell\.jdks\openjdk-23.0.1\bin\zip.dll
0x00007ffd4f070000 - 0x00007ffd4f080000 	C:\Users\dell\.jdks\openjdk-23.0.1\bin\net.dll
0x00007ffd7ad80000 - 0x00007ffd7ade9000 	C:\WINDOWS\system32\mswsock.dll
0x00007ffd34e80000 - 0x00007ffd34e96000 	C:\Users\dell\.jdks\openjdk-23.0.1\bin\nio.dll
0x00007ffd62450000 - 0x00007ffd6246a000 	C:\Program Files\JetBrains\IntelliJ IDEA 2024.2.4\bin\breakgen64.dll
0x00007ffd4e850000 - 0x00007ffd4e859000 	C:\Users\dell\.jdks\openjdk-23.0.1\bin\extnet.dll
0x00007ffd7a3a0000 - 0x00007ffd7a4a2000 	C:\WINDOWS\SYSTEM32\DNSAPI.dll
0x00007ffd7a370000 - 0x00007ffd7a39d000 	C:\WINDOWS\SYSTEM32\IPHLPAPI.DLL
0x00007ffd7d690000 - 0x00007ffd7d699000 	C:\WINDOWS\System32\NSI.dll
0x0000000067eb0000 - 0x0000000067ed6000 	C:\Program Files\Bonjour\mdnsNSP.dll
0x00007ffd72e80000 - 0x00007ffd72e8a000 	C:\Windows\System32\rasadhlp.dll
0x00007ffd75110000 - 0x00007ffd75193000 	C:\WINDOWS\System32\fwpuclnt.dll
0x00007ffd76b80000 - 0x00007ffd76b8a000 	C:\Users\dell\.jdks\openjdk-23.0.1\bin\management.dll
0x00007ffd75aa0000 - 0x00007ffd75aab000 	C:\Users\dell\.jdks\openjdk-23.0.1\bin\management_ext.dll
0x00007ffd7e360000 - 0x00007ffd7e368000 	C:\WINDOWS\System32\PSAPI.DLL

dbghelp: loaded successfully - version: 4.0.5 - missing functions: none
symbol engine: initialized successfully - sym options: 0x614 - pdb path: .;C:\Users\dell\.jdks\openjdk-23.0.1\bin;C:\WINDOWS\SYSTEM32;C:\WINDOWS\WinSxS\amd64_microsoft.windows.common-controls_6595b64144ccf1df_6.0.22621.4541_none_2710d1c57384c085;C:\Users\dell\.jdks\openjdk-23.0.1\bin\server;C:\Program Files\JetBrains\IntelliJ IDEA 2024.2.4\bin;C:\Program Files\Bonjour

VM Arguments:
jvm_args: -XX:TieredStopAtLevel=1 -Dspring.output.ansi.enabled=always -Dcom.sun.management.jmxremote -Dspring.jmx.enabled=true -Dspring.liveBeansView.mbeanDomain -Dspring.application.admin.enabled=true -Dmanagement.endpoints.jmx.exposure.include=* -javaagent:C:\Program Files\JetBrains\IntelliJ IDEA 2024.2.4\lib\idea_rt.jar=56071:C:\Program Files\JetBrains\IntelliJ IDEA 2024.2.4\bin -Dfile.encoding=UTF-8 -Dsun.stdout.encoding=UTF-8 -Dsun.stderr.encoding=UTF-8 
java_command: com.example.lms.LMSApplication
java_class_path (initial): C:\Users\dell\.jdks\openjdk-23.0.1;C:\Users\dell\Desktop\LMS-project\target\classes;C:\Users\dell\.m2\repository\org\springframework\boot\spring-boot-starter-data-jpa\3.4.0\spring-boot-starter-data-jpa-3.4.0.jar;C:\Users\dell\.m2\repository\org\springframework\boot\spring-boot-starter\3.4.0\spring-boot-starter-3.4.0.jar;C:\Users\dell\.m2\repository\org\springframework\boot\spring-boot\3.4.0\spring-boot-3.4.0.jar;C:\Users\dell\.m2\repository\org\springframework\boot\spring-boot-autoconfigure\3.4.0\spring-boot-autoconfigure-3.4.0.jar;C:\Users\dell\.m2\repository\org\springframework\boot\spring-boot-starter-logging\3.4.0\spring-boot-starter-logging-3.4.0.jar;C:\Users\dell\.m2\repository\ch\qos\logback\logback-classic\1.5.12\logback-classic-1.5.12.jar;C:\Users\dell\.m2\repository\ch\qos\logback\logback-core\1.5.12\logback-core-1.5.12.jar;C:\Users\dell\.m2\repository\org\apache\logging\log4j\log4j-to-slf4j\2.24.1\log4j-to-slf4j-2.24.1.jar;C:\Users\dell\.m2\repository\org\apache\logging\log4j\log4j-api\2.24.1\log4j-api-2.24.1.jar;C:\Users\dell\.m2\repository\org\slf4j\jul-to-slf4j\2.0.16\jul-to-slf4j-2.0.16.jar;C:\Users\dell\.m2\repository\jakarta\annotation\jakarta.annotation-api\2.1.1\jakarta.annotation-api-2.1.1.jar;C:\Users\dell\.m2\repository\org\yaml\snakeyaml\2.3\snakeyaml-2.3.jar;C:\Users\dell\.m2\repository\org\springframework\boot\spring-boot-starter-jdbc\3.4.0\spring-boot-starter-jdbc-3.4.0.jar;C:\Users\dell\.m2\repository\com\zaxxer\HikariCP\5.1.0\HikariCP-5.1.0.jar;C:\Users\dell\.m2\repository\org\springframework\spring-jdbc\6.2.0\spring-jdbc-6.2.0.jar;C:\Users\dell\.m2\repository\org\hibernate\orm\hibernate-core\6.6.2.Final\hibernate-core-6.6.2.Final.jar;C:\Users\dell\.m2\repository\jakarta\persistence\jakarta.persistence-api\3.1.0\jakarta.persistence-api-3.1.0.jar;C:\Users\dell\.m2\repository\jakarta\transaction\jakarta.transaction-api\2.0.1\jakarta.transaction-api-2.0.1.jar;C:\Users\dell\.m2\repository\org\jboss\logging\jboss-logging\3.6.1.Final\jboss-logging-3.6.1.Final.jar;C:\Users\dell\.m2\repository\org\hibernate\common\hibernate-commons-annotations\7.0.3.Final\hibernate-commons-annotations-7.0.3.Final.jar;C:\Users\dell\.m2\repository\io\smallrye\jandex\3.2.0\jandex-3.2.0.jar;C:\Users\dell\.m2\repository\com\fasterxml\classmate\1.7.0\classmate-1.7.0.jar;C:\Users\dell\.m2\repository\org\glassfish\jaxb\jaxb-runtime\4.0.5\jaxb-runtime-4.0.5.jar;C:\Users\dell\.m2\repository\org\glassfish\jaxb\jaxb-core\4.0.5\jaxb-core-4.0.5.jar;C:\Users\dell\.m2\repository\org\glassfish\jaxb\txw2\4.0.5\txw2-4.0.5.jar;C:\Users\dell\.m2\repository\com\sun\istack\istack-commons-runtime\4.1.2\istack-commons-runtime-4.1.2.jar;C:\Users\dell\.m2\repository\jakarta\inject\jakarta.inject-api\2.0.1\jakarta.inject-api-2.0.1.jar;C:\Users\dell\.m2\repository\org\antlr\antlr4-runtime\4.13.0\antlr4-runtime-4.13.0.jar;C:\Users\dell\.m2\repository\org\springframework\data\spring-data-jpa\3.4.0\spring-data-jpa-3.4.0.jar;C:\Users\dell\.m2\repository\org\springframework\data\spring-data-commons\3.4.0\spring-data-commons-3.4.0.jar;C:\Users\dell\.m2\repository\org\springframework\spring-orm\6.2.0\spring-orm-6.2.0.jar;C:\Users\dell\.m2\repository\org\springframework\spring-context\6.2.0\spring-context-6.2.0.jar;C:\Users\dell\.m2\repository\org\springframework\spring-tx\6.2.0\spring-tx-6.2.0.jar;C:\Users\dell\.m2\repository\org\springframework\spring-beans\6.2.0\spring-beans-6.2.0.jar;C:\Users\dell\.m2\repository\org\slf4j\slf4j-api\2.0.16\slf4j-api-2.0.16.jar;C:\Users\dell\.m2\repository\org\springframework\spring-aspects\6.2.0\spring-aspects-6.2.0.jar;C:\Users\dell\.m2\repository\org\aspectj\aspectjweaver\1.9.22.1\aspectjweaver-1.9.22.1.jar;C:\Users\dell\.m2\repository\jakarta\xml\bind\jakarta.xml.bind-api\4.0.2\jakarta.xml.bind-api-4.0.2.jar;C:\Users\dell\.m2\repository\jakarta\activation\jakarta.activation-api\2.1.3\jakarta.activation-api-2.1.3.jar;C:\Users\dell\.m2\repository\org\springframework\spring-core\6.2.0\spring-core-6.2.0.jar;C:\Users\dell\.m2\repository\org\springframework\spring-jcl\6.2.0\spring-jcl-6.2.0.jar;C:\Users\dell\.m2\repository\net\bytebuddy\byte-buddy\1.15.10\byte-buddy-1.15.10.jar;C:\Users\dell\.m2\repository\org\springframework\boot\spring-boot-starter-mail\3.4.0\spring-boot-starter-mail-3.4.0.jar;C:\Users\dell\.m2\repository\org\springframework\spring-context-support\6.2.0\spring-context-support-6.2.0.jar;C:\Users\dell\.m2\repository\org\eclipse\angus\jakarta.mail\2.0.3\jakarta.mail-2.0.3.jar;C:\Users\dell\.m2\repository\org\eclipse\angus\angus-activation\2.0.2\angus-activation-2.0.2.jar;C:\Users\dell\.m2\repository\org\springframework\boot\spring-boot-starter-web\3.4.0\spring-boot-starter-web-3.4.0.jar;C:\Users\dell\.m2\repository\org\springframework\boot\spring-boot-starter-json\3.4.0\spring-boot-starter-json-3.4.0.jar;C:\Users\dell\.m2\repository\com\fasterxml\jackson\datatype\jackson-datatype-jdk8\2.18.1\jackson-datatype-jdk8-2.18.1.jar;C:\Users\dell\.m2\repository\com\fasterxml\jackson\datatype\jackson-datatype-jsr310\2.18.1\jackson-datatype-jsr310-2.18.1.jar;C:\Users\dell\.m2\repository\com\fasterxml\jackson\module\jackson-module-parameter-names\2.18.1\jackson-module-parameter-names-2.18.1.jar;C:\Users\dell\.m2\repository\org\springframework\boot\spring-boot-starter-tomcat\3.4.0\spring-boot-starter-tomcat-3.4.0.jar;C:\Users\dell\.m2\repository\org\apache\tomcat\embed\tomcat-embed-core\10.1.33\tomcat-embed-core-10.1.33.jar;C:\Users\dell\.m2\repository\org\apache\tomcat\embed\tomcat-embed-el\10.1.33\tomcat-embed-el-10.1.33.jar;C:\Users\dell\.m2\repository\org\apache\tomcat\embed\tomcat-embed-websocket\10.1.33\tomcat-embed-websocket-10.1.33.jar;C:\Users\dell\.m2\repository\org\springframework\spring-web\6.2.0\spring-web-6.2.0.jar;C:\Users\dell\.m2\repository\io\micrometer\micrometer-observation\1.14.1\micrometer-observation-1.14.1.jar;C:\Users\dell\.m2\repository\io\micrometer\micrometer-commons\1.14.1\micrometer-commons-1.14.1.jar;C:\Users\dell\.m2\repository\org\springframework\spring-webmvc\6.2.0\spring-webmvc-6.2.0.jar;C:\Users\dell\.m2\repository\org\springframework\spring-expression\6.2.0\spring-expression-6.2.0.jar;C:\Users\dell\.m2\repository\org\springframework\boot\spring-boot-starter-security\3.4.0\spring-boot-starter-security-3.4.0.jar;C:\Users\dell\.m2\repository\org\springframework\spring-aop\6.2.0\spring-aop-6.2.0.jar;C:\Users\dell\.m2\repository\org\springframework\security\spring-security-config\6.4.1\spring-security-config-6.4.1.jar;C:\Users\dell\.m2\repository\org\springframework\security\spring-security-web\6.4.1\spring-security-web-6.4.1.jar;C:\Users\dell\.m2\repository\org\postgresql\postgresql\42.7.4\postgresql-42.7.4.jar;C:\Users\dell\.m2\repository\org\checkerframework\checker-qual\3.42.0\checker-qual-3.42.0.jar;C:\Users\dell\.m2\repository\io\jsonwebtoken\jjwt-impl\0.12.6\jjwt-impl-0.12.6.jar;C:\Users\dell\.m2\repository\io\jsonwebtoken\jjwt-jackson\0.12.5\jjwt-jackson-0.12.5.jar;C:\Users\dell\.m2\repository\com\fasterxml\jackson\core\jackson-databind\2.18.1\jackson-databind-2.18.1.jar;C:\Users\dell\.m2\repository\com\fasterxml\jackson\core\jackson-annotations\2.18.1\jackson-annotations-2.18.1.jar;C:\Users\dell\.m2\repository\com\fasterxml\jackson\core\jackson-core\2.18.1\jackson-core-2.18.1.jar;C:\Users\dell\.m2\repository\io\jsonwebtoken\jjwt-api\0.12.3\jjwt-api-0.12.3.jar;C:\Users\dell\.m2\repository\org\springframework\security\spring-security-core\6.4.1\spring-security-core-6.4.1.jar;C:\Users\dell\.m2\repository\org\springframework\security\spring-security-crypto\6.4.1\spring-security-crypto-6.4.1.jar;C:\Users\dell\.m2\repository\org\projectlombok\lombok\1.18.36\lombok-1.18.36.jar
Launcher Type: SUN_STANDARD

[Global flags]
     intx CICompilerCount                          = 4                                         {product} {ergonomic}
     uint ConcGCThreads                            = 3                                         {product} {ergonomic}
     uint G1ConcRefinementThreads                  = 10                                        {product} {ergonomic}
   size_t G1HeapRegionSize                         = 2097152                                   {product} {ergonomic}
   size_t InitialHeapSize                          = 264241152                                 {product} {ergonomic}
     bool ManagementServer                         = true                                      {product} {command line}
   size_t MarkStackSize                            = 4194304                                   {product} {ergonomic}
   size_t MarkStackSizeMax                         = 536870912                                 {product} {ergonomic}
   size_t MaxHeapSize                              = 4219469824                                {product} {ergonomic}
   size_t MaxNewSize                               = 2531262464                                {product} {ergonomic}
   size_t MinHeapDeltaBytes                        = 2097152                                   {product} {ergonomic}
   size_t MinHeapSize                              = 8388608                                   {product} {ergonomic}
    uintx NonNMethodCodeHeapSize                   = 4096                                   {pd product} {ergonomic}
    uintx NonProfiledCodeHeapSize                  = 0                                      {pd product} {ergonomic}
     bool ProfileInterpreter                       = false                                  {pd product} {command line}
    uintx ProfiledCodeHeapSize                     = 0                                      {pd product} {ergonomic}
   size_t SoftMaxHeapSize                          = 4219469824                             {manageable} {ergonomic}
     intx TieredStopAtLevel                        = 1                                         {product} {command line}
     bool UseCompressedOops                        = true                           {product lp64_product} {ergonomic}
     bool UseG1GC                                  = true                                      {product} {ergonomic}
     bool UseLargePagesIndividualAllocation        = false                                  {pd product} {ergonomic}

Logging:
Log output configuration:
 #0: stdout all=warning uptime,level,tags foldmultilines=false
 #1: stderr all=off uptime,level,tags foldmultilines=false

Environment Variables:
PATH=C:\Program Files\Common Files\Oracle\Java\javapath;C:\Windows\system32;C:\Windows;C:\Windows\System32\Wbem;C:\Windows\System32\WindowsPowerShell\v1.0\;C:\Windows\System32\OpenSSH\;C:\Program Files (x86)\NVIDIA Corporation\PhysX\Common;C:\Program Files\dotnet\;C:\WINDOWS\system32;C:\WINDOWS;C:\WINDOWS\System32\Wbem;C:\WINDOWS\System32\WindowsPowerShell\v1.0\;C:\WINDOWS\System32\OpenSSH\;C:\MinGW\bin;C:\msys64\mingw64\bin;C:\Program Files\Git\cmd;C:\Program Files (x86)\Windows Kits\10\Windows Performance Toolkit\;C:\Program Files (x86)\Microsoft SQL Server\160\Tools\Binn\;C:\Program Files\Microsoft SQL Server\160\Tools\Binn\;C:\Program Files\Microsoft SQL Server\Client SDK\ODBC\170\Tools\Binn\;C:\Program Files\Microsoft SQL Server\160\DTS\Binn\;C:\Program Files (x86)\Microsoft SQL Server\160\DTS\Binn\;C:\Program Files\Azure Data Studio\bin;D:\bin;C:\msys64\ucrt64\bin;C:\Users\dell\AppData\Local\Programs\Microsoft VS Code\bin;C:\Program Files\Azure Data Studio\bin
USERNAME=dell
OS=Windows_NT
PROCESSOR_IDENTIFIER=Intel64 Family 6 Model 158 Stepping 10, GenuineIntel
TMP=C:\Users\dell\AppData\Local\Temp
TEMP=C:\Users\dell\AppData\Local\Temp




Periodic native trim disabled

---------------  S Y S T E M  ---------------

OS:
 Windows 11 , 64 bit Build 22621 (10.0.22621.4391)
OS uptime: 7 days 2:26 hours

CPU: total 12 (initial active 12) (6 cores per cpu, 2 threads per core) family 6 model 158 stepping 10 microcode 0xf0, cx8, cmov, fxsr, ht, mmx, 3dnowpref, sse, sse2, sse3, ssse3, sse4.1, sse4.2, popcnt, lzcnt, tsc, tscinvbit, avx, avx2, aes, erms, clmul, bmi1, bmi2, rtm, adx, fma, vzeroupper, clflush, clflushopt, rdtscp, f16c
Processor Information for the first 12 processors :
  Max Mhz: 2592, Current Mhz: 2592, Mhz Limit: 2592

Memory: 4k page, system-wide physical 16094M (2218M free)
TotalPageFile size 23647M (AvailPageFile size 222M)
current process WorkingSet (physical memory assigned to process): 58M, peak: 58M
current process commit charge ("private bytes"): 346M, peak: 346M

vm_info: OpenJDK 64-Bit Server VM (23.0.1+11-39) for windows-amd64 JRE (23.0.1+11-39), built on 2024-09-30T07:20:43Z with MS VC++ 17.6 (VS2022)

END.
